Sections:
00: "org0001:c000" (C000-C2E5)


Source: "src/georam-out.asm"
                        	     1:         ;; GEOram output module for Profi-Ass v2
                        	     2:         ;; =====================================
                        	     3:         ;; A plugin for Profi-Ass v2 to emit object code to GEOram. 
                        	     4:         ;; Also provided are routines to read from GEOram to C64 
                        	     5:         ;; memory and load a PRG file to GEOram.
                        	     6:         ;; 
                        	     7:         ;; Format:
                        	     8:         ;; +-------------+---------------+-------------+
                        	     9:         ;; |    WORD     |     WORD      |             |
                        	    10:         ;; | data length | start address | object code |
                        	    11:         ;; +-------------+---------------+-------------+
                        	    12:         ;;
                        	    13:         ;; Usage:
                        	    14:         ;; ------
                        	    15:         ;; Set GEOram starting block & page:
                        	    16:         ;;     SYS(49152) 0,2 REM BLOCK 0, PAGE 2
                        	    17:         ;; 
                        	    18:         ;; Assemble to GEOram:
                        	    19:         ;;     .OPT P,O=$C030
                        	    20:         ;; 
                        	    21:         ;; Read object code from GEOram to C64 memory:
                        	    22:         ;;     SYS49344
                        	    23:         ;;
                        	    24:         ;; Load PRG file to GEOram:
                        	    25:         ;;     SYS(49424) "FILENAME
                        	    26: 
                        	    27:         ;; Constants
                        	    28: PA_START:       .equ $80        ;pa_len value indicating start of assembly
                        	    29: PA_STOP:        .equ $c0        ;pa_len value indicating end of assembly
                        	    30: MAX_PAGE:       .equ 64         ;last GEOram page +1
                        	    31: MAX_BLOCK:      .equ 32         ;last GEOram block +1
                        	    32: 
                        	    33:         ;; OS routines
                        	    34: let:            .equ $a9b1      ;part of routine for BASIC let command
                        	    35: newline:        .equ $aad7      ;print CRLF        
                        	    36: strout:         .equ $ab1e      ;print 0 terminated string in A (lo) and Y (hi)
                        	    37: frmnum:         .equ $ad8a      ;eval numeric expression
                        	    38: comma:          .equ $aefd      ;detect comma in BASIC line
                        	    39: facwrd:         .equ $b7f7      ;convert FAC #1 to word at linnum
                        	    40: illqua:         .equ $b248      ;routine to trigger illegal quantity error
                        	    41: linprt:         .equ $bdcd      ;print 16-bit integer in X (lo) and A (hi)
                        	    42: setlfs:         .equ $ffba      ;set file, device, and secondary address
                        	    43: setnam:         .equ $ffbd      ;set filename
                        	    44: open:           .equ $ffc0      ;open file
                        	    45: close:          .equ $ffc3      ;close file in A
                        	    46: chrout:         .equ $ffd2      ;print a character in A
                        	    47: chkin:          .equ $ffc6      ;take input from file in A
                        	    48: clrchn:         .equ $ffcc      ;clear channel, restore default device
                        	    49: chrin:          .equ $ffcf      ;read char from file into A
                        	    50:         
                        	    51:         ;; OS memory
                        	    52: valtyp:         .ezp $0d        ;BYTE BASIC datatype ($ff string, $00 numeric)
                        	    53: intflg:         .ezp $0e        ;BYTE BASIC datatype ($80 int, $00 float)
                        	    54: linnum:         .ezp $14        ;WORD BASIC line number
                        	    55: forptr:         .ezp $49        ;BYTE,WORD pointer for BASIC for/next loop
                        	    56: status:         .ezp $90        ;BYTE kernal I/O status
                        	    57:         
                        	    58:         ;; GEOram registers
                        	    59: georam:         .equ $de00      ;PAGE first address of page mapped to GEOram
                        	    60: geopage:        .equ $dffe      ;BYTE GEOram page selection register
                        	    61: geoblock:       .equ $dfff      ;BYTE 16K GEOram block selection register
                        	    62: 
                        	    63:         ;; Profi-Ass variables to read
                        	    64: pa_op:          .ezp $4b        ;BYTEx3 buffer containing first 3 bytes
                        	    65: pa_len:         .ezp $4e        ;BYTE number of bytes to emit -1
                        	    66: pa_adr:         .ezp $56        ;WORD object code starting address
                        	    67: pa_buf:         .equ $015b      ;buffer for remaining bytes beyond first 3
                        	    68: 
                        	    69:         ;; Working memory        
                        	    70: curblock:       .ezp $92        ;BYTE current GEOram block (0-31)
                        	    71: datalen:        .ezp $96        ;WORD total bytes written or left to copy
                        	    72: curpage:        .ezp $a5        ;BYTE current GEOram page (0-63)        
                        	    73: offset:         .ezp $a7        ;BYTE offset within page ($00-$ff)
                        	    74: c64addr:        .ezp $a8        ;WORD address to copy to in C64 main memory
                        	    75: firstpage:      .ezp $f7        ;BYTE first GEORAM page to write to / copy from
                        	    76: firstblock:     .ezp $f8        ;BYTE first GEOram block to write to / copy from
                        	    77: strlen:         .ezp $f9        ;BYTE string length
                        	    78: strptr:         .ezp $fa        ;WORD string pointer
                        	    79: 
                        	    80:         ;; Set first block and page from user input.
                        	    81:         ;; Call from BASIC via:
                        	    82:         ;;     SYS(49152) BLOCK,PAGE
                        	    83:         ;; ------------------------------------------
                        	    84:         .org $c000
                        	    85: setfirst:
00:C000 2036C2          	    86:         jsr getwrd
00:C003 A515            	    87:         lda linnum+1
00:C005 D01B            	    88:         bne iqerr
00:C007 A514            	    89:         lda linnum
00:C009 C920            	    90:         cmp #MAX_BLOCK
00:C00B B015            	    91:         bcs iqerr
00:C00D 85F8            	    92:         sta firstblock
00:C00F 20FDAE          	    93:         jsr comma
00:C012 2036C2          	    94:         jsr getwrd
00:C015 A515            	    95:         lda linnum+1
00:C017 D009            	    96:         bne iqerr
00:C019 A514            	    97:         lda linnum
00:C01B C940            	    98:         cmp #MAX_PAGE
00:C01D B003            	    99:         bcs iqerr
00:C01F 85F7            	   100:         sta firstpage
00:C021 60              	   101:         rts
00:C022 4C48B2          	   102: iqerr:  jmp illqua
                        	   103:         
                        	   104:         ;; Write object code to GEOram.
                        	   105:         ;; Call from Profi-Ass via:
                        	   106:         ;;     .OPT P,O=$C030
                        	   107:         ;; ----------------------------
                        	   108:         .align 4
00:C030 A54E            	   109: write:  lda pa_len
00:C032 C9C0            	   110:         cmp #PA_STOP
00:C034 F060            	   111:         beq finwrt
00:C036 C980            	   112:         cmp #PA_START
00:C038 F048            	   113:         beq wrstrt
00:C03A A000            	   114:         ldy #0
00:C03C A6A7            	   115:         ldx offset
00:C03E B94B00          	   116: wrout:  lda pa_op,y
00:C041 9D00DE          	   117: wrout1: sta georam,x
00:C044 20C9C1          	   118:         jsr inc_datalen         ;increment total bytes written
00:C047 E8              	   119:         inx
00:C048 F011            	   120:         beq wrnxpg              ;overflow? next page!
00:C04A 86A7            	   121:         stx offset
00:C04C C44E            	   122: wrchln: cpy pa_len
00:C04E F045            	   123:         beq wrfin
00:C050 C8              	   124:         iny
00:C051 C003            	   125:         cpy #3
00:C053 90E9            	   126:         bcc wrout
00:C055 B95801          	   127:         lda pa_buf-3,y
00:C058 4C41C0          	   128:         jmp wrout1
00:C05B A200            	   129: wrnxpg: ldx #0
00:C05D 86A7            	   130:         stx offset
00:C05F E6A5            	   131:         inc curpage
00:C061 A5A5            	   132:         lda curpage
00:C063 C940            	   133:         cmp #MAX_PAGE
00:C065 F006            	   134:         beq wrnxbk              ;past page 63? next block!
00:C067 8DFEDF          	   135:         sta geopage
00:C06A 4C4CC0          	   136:         jmp wrchln
00:C06D A900            	   137: wrnxbk: lda #0
00:C06F 85A5            	   138:         sta curpage
00:C071 8DFEDF          	   139:         sta geopage
00:C074 E692            	   140:         inc curblock
00:C076 A592            	   141:         lda curblock
00:C078 C920            	   142:         cmp #MAX_BLOCK          ;past page 31? out of memory!
00:C07A F036            	   143:         beq enomem
00:C07C 8DFFDF          	   144:         sta geoblock
00:C07F 4C4CC0          	   145:         jmp wrchln
00:C082 20B0C1          	   146: wrstrt: jsr init
00:C085 A6A7            	   147:         ldx offset
00:C087 A556            	   148:         lda pa_adr
00:C089 9D00DE          	   149:         sta georam,x
00:C08C E8              	   150:         inx
00:C08D A557            	   151:         lda pa_adr+1
00:C08F 9D00DE          	   152:         sta georam,x
00:C092 E8              	   153:         inx
00:C093 86A7            	   154:         stx offset
00:C095 60              	   155: wrfin:  rts        
                        	   156:         ;; Write data length to first block & page of GEOram
00:C096 A5F8            	   157: finwrt: lda firstblock
00:C098 8DFFDF          	   158:         sta geoblock
00:C09B 8592            	   159:         sta curblock
00:C09D A5F7            	   160:         lda firstpage
00:C09F 8DFEDF          	   161:         sta geopage
00:C0A2 85A5            	   162:         sta curpage
00:C0A4 A596            	   163:         lda datalen
00:C0A6 8D00DE          	   164:         sta georam
00:C0A9 A597            	   165:         lda datalen+1
00:C0AB 8D01DE          	   166:         sta georam+1
00:C0AE 20DBC1          	   167:         jsr print_wrtmsg
00:C0B1 60              	   168:         rts
00:C0B2 20D7AA          	   169: enomem: jsr newline
00:C0B5 A9C9            	   170:         lda #<oommsg
00:C0B7 A0C2            	   171:         ldy #>oommsg
00:C0B9 201EAB          	   172:         jsr strout
00:C0BC 60              	   173:         rts
                        	   174: 
                        	   175:         ;; Read object code from GEOram.
                        	   176:         ;; Call from BASIC via:
                        	   177:         ;;     SYS49344
                        	   178:         ;; ------------------------------------
                        	   179:         .align 4
00:C0C0 2019C2          	   180: read:   jsr read_header
00:C0C3 E8              	   181:         inx
00:C0C4 A000            	   182:         ldy #0
00:C0C6 BD00DE          	   183: rdloop: lda georam,x
00:C0C9 91A8            	   184:         sta (c64addr),y
00:C0CB 20D0C1          	   185:         jsr dec_datalen         ;decrement remaining bytes
00:C0CE A597            	   186:         lda datalen+1
00:C0D0 D004            	   187:         bne :+
00:C0D2 A596            	   188:         lda datalen
00:C0D4 F033            	   189:         beq rdfin               ;exit if remaining bytes == 0
00:C0D6 C8              	   190: :       iny
00:C0D7 F006            	   191:         beq incadr
00:C0D9 E8              	   192: rdchpg: inx
00:C0DA F008            	   193:         beq rdnxpg
00:C0DC 4CC6C0          	   194:         jmp rdloop
00:C0DF E6A9            	   195: incadr: inc c64addr+1
00:C0E1 4CD9C0          	   196:         jmp rdchpg
00:C0E4 A200            	   197: rdnxpg: ldx #0
00:C0E6 E6A5            	   198:         inc curpage
00:C0E8 A5A5            	   199:         lda curpage
00:C0EA C940            	   200:         cmp #MAX_PAGE
00:C0EC F006            	   201:         beq rdnxbk              ;past page 63? next block!
00:C0EE 8DFEDF          	   202:         sta geopage
00:C0F1 4CC6C0          	   203:         jmp rdloop
00:C0F4 A900            	   204: rdnxbk: lda #0
00:C0F6 85A5            	   205:         sta curpage
00:C0F8 8DFEDF          	   206:         sta geopage
00:C0FB E692            	   207:         inc curblock
00:C0FD A592            	   208:         lda curblock
00:C0FF C920            	   209:         cmp #MAX_BLOCK          ;past block 31? out of memory!
00:C101 F0AF            	   210:         beq enomem
00:C103 8DFFDF          	   211:         sta geoblock
00:C106 4CC6C0          	   212:         jmp rdloop
00:C109 2019C2          	   213: rdfin:  jsr read_header
00:C10C 2000C2          	   214:         jsr print_rdmsg
00:C10F 60              	   215:         rts
                        	   216: 
                        	   217:         ;; Load PRG file contents to GEOram.
                        	   218:         ;; Call from BASIC via:
                        	   219:         ;;     SYS(49424) "FILENAME"
                        	   220:         ;; ---------------------------------
                        	   221:         .align 4
00:C110 203CC2          	   222: ldprg:  jsr getstr              ;read string from BASIC
00:C113 A5F9            	   223:         lda strlen
00:C115 F075            	   224:         beq ldfin               ;short circuit exit if strlen == 0
00:C117 20B0C1          	   225:         jsr init                ;init GEOram registers & working memory
00:C11A 204DC2          	   226:         jsr cpyfnm              ;copy string to filename buffer
00:C11D A901            	   227:         lda #1
00:C11F A208            	   228:         ldx #8
00:C121 A002            	   229:         ldy #2
00:C123 20BAFF          	   230:         jsr setlfs              ;set file #, device #, secondary address
00:C126 A5F9            	   231:         lda strlen
00:C128 18              	   232:         clc
00:C129 6906            	   233:         adc #6                  ;add 6 to length for '0:' prefix and ',p,r' suffix
00:C12B A27D            	   234:         ldx #<fnmbuf
00:C12D A0C2            	   235:         ldy #>fnmbuf
00:C12F 20BDFF          	   236:         jsr setnam              ;setup filename
00:C132 20C0FF          	   237:         jsr open                ;open file for reading
00:C135 A201            	   238:         ldx #1
00:C137 20C6FF          	   239:         jsr chkin               ;take input from file #1
                        	   240:         ;; Copy PRG address (first two bytes)
00:C13A 20CFFF          	   241:         jsr chrin
00:C13D A6A7            	   242:         ldx offset              ;leave space for data length
00:C13F 9D00DE          	   243:         sta georam,x
00:C142 E8              	   244:         inx
00:C143 20CFFF          	   245:         jsr chrin
00:C146 9D00DE          	   246:         sta georam,x
00:C149 E8              	   247:         inx
00:C14A 20CFFF          	   248: ldloop: jsr chrin
00:C14D 9D00DE          	   249:         sta georam,x
00:C150 20C9C1          	   250:         jsr inc_datalen
00:C153 A590            	   251:         lda status
00:C155 D035            	   252:         bne ldfin
00:C157 E8              	   253:         inx
00:C158 F003            	   254:         beq ldnxpg              ;overflow? next page!
00:C15A 4C4AC1          	   255:         jmp ldloop
00:C15D A200            	   256: ldnxpg: ldx #0
00:C15F E6A5            	   257:         inc curpage
00:C161 A5A5            	   258:         lda curpage
00:C163 C940            	   259:         cmp #MAX_PAGE
00:C165 F006            	   260:         beq ldnxbl
00:C167 8DFEDF          	   261:         sta geopage
00:C16A 4C4AC1          	   262:         jmp ldloop
00:C16D A200            	   263: ldnxbl: ldx #0
00:C16F 86A5            	   264:         stx curpage
00:C171 8EFEDF          	   265:         stx geopage
00:C174 E692            	   266:         inc curblock
00:C176 A592            	   267:         lda curblock
00:C178 C920            	   268:         cmp #MAX_BLOCK          ;past page 31? out of memory!
00:C17A F006            	   269:         beq ldnomem
00:C17C 8DFFDF          	   270:         sta geoblock
00:C17F 4C4AC1          	   271:         jmp ldloop
                        	   272: ldnomem:
00:C182 20D7AA          	   273:         jsr newline
00:C185 A9C9            	   274:         lda #<oommsg
00:C187 A0C2            	   275:         ldy #>oommsg
00:C189 201EAB          	   276:         jsr strout
00:C18C A901            	   277: ldfin:  lda #1
00:C18E 20C3FF          	   278:         jsr close               ;close file in A
00:C191 20CCFF          	   279:         jsr clrchn              ;clear channels, restore default devices
                        	   280:         ;; Write data length to first word of first block+page
00:C194 A5F8            	   281:         lda firstblock
00:C196 8592            	   282:         sta curblock
00:C198 8DFFDF          	   283:         sta geoblock
00:C19B A5F7            	   284:         lda firstpage
00:C19D 85A5            	   285:         sta curpage
00:C19F 8DFEDF          	   286:         sta geopage
00:C1A2 A596            	   287:         lda datalen
00:C1A4 8D00DE          	   288:         sta georam
00:C1A7 A597            	   289:         lda datalen+1
00:C1A9 8D01DE          	   290:         sta georam+1
00:C1AC 20DBC1          	   291:         jsr print_wrtmsg
00:C1AF 60              	   292:         rts
                        	   293:         
                        	   294:         ;; Routine to initialize GEOram registers & working memory
00:C1B0 A5F8            	   295: init:   lda firstblock
00:C1B2 8DFFDF          	   296:         sta geoblock
00:C1B5 8592            	   297:         sta curblock
00:C1B7 A5F7            	   298:         lda firstpage
00:C1B9 8DFEDF          	   299:         sta geopage
00:C1BC 85A5            	   300:         sta curpage
00:C1BE A900            	   301:         lda #0
00:C1C0 8596            	   302:         sta datalen
00:C1C2 8597            	   303:         sta datalen+1        
00:C1C4 A902            	   304:         lda #2                  ;set offset to 2 to leave space for data length
00:C1C6 85A7            	   305:         sta offset
00:C1C8 60              	   306:         rts
                        	   307:         
                        	   308:         ;; Routine to increment data length
                        	   309: inc_datalen:
00:C1C9 E696            	   310:         inc datalen
00:C1CB D002            	   311:         bne :+
00:C1CD E697            	   312:         inc datalen+1
00:C1CF 60              	   313: :       rts
                        	   314: 
                        	   315:         ;; Routine to decrement data length
                        	   316: dec_datalen:
00:C1D0 C696            	   317:         dec datalen
00:C1D2 A596            	   318:         lda datalen
00:C1D4 C9FF            	   319:         cmp #$ff
00:C1D6 D002            	   320:         bne :+
00:C1D8 C697            	   321:         dec datalen+1
00:C1DA 60              	   322: :       rts
                        	   323:         
                        	   324:         ;; Routine to print summary of data written
                        	   325: print_wrtmsg:
00:C1DB 20D7AA          	   326:         jsr newline
00:C1DE A696            	   327:         ldx datalen
00:C1E0 A597            	   328:         lda datalen+1
00:C1E2 20CDBD          	   329:         jsr linprt
00:C1E5 A993            	   330:         lda #<wrtmsg
00:C1E7 A0C2            	   331:         ldy #>wrtmsg
00:C1E9 201EAB          	   332:         jsr strout
00:C1EC A692            	   333:         ldx curblock
00:C1EE A900            	   334:         lda #0
00:C1F0 20CDBD          	   335:         jsr linprt
00:C1F3 A92C            	   336:         lda #','
00:C1F5 20D2FF          	   337:         jsr chrout
00:C1F8 A6A5            	   338:         ldx curpage
00:C1FA A900            	   339:         lda #0
00:C1FC 20CDBD          	   340:         jsr linprt
00:C1FF 60              	   341:         rts
                        	   342: 
                        	   343:         ;; Routine to print summary of data copied
                        	   344: print_rdmsg:
00:C200 20D7AA          	   345:         jsr newline
00:C203 A696            	   346:         ldx datalen
00:C205 A597            	   347:         lda datalen+1
00:C207 20CDBD          	   348:         jsr linprt
00:C20A A9AD            	   349:         lda #<rdmsg
00:C20C A0C2            	   350:         ldy #>rdmsg
00:C20E 201EAB          	   351:         jsr strout
00:C211 A6A8            	   352:         ldx c64addr
00:C213 A5A9            	   353:         lda c64addr+1
00:C215 20CDBD          	   354:         jsr linprt
00:C218 60              	   355:         rts
                        	   356: 
                        	   357:         ;; Routine to read data length & C64 address from GEOram
                        	   358: read_header:
00:C219 20B0C1          	   359:         jsr init
00:C21C A200            	   360:         ldx #0
                        	   361:         ;; Read data length
00:C21E BD00DE          	   362:         lda georam,x
00:C221 8596            	   363:         sta datalen
00:C223 E8              	   364:         inx
00:C224 BD00DE          	   365:         lda georam,x
00:C227 8597            	   366:         sta datalen+1
00:C229 E8              	   367:         inx
                        	   368:         ;; Read C64 address
00:C22A BD00DE          	   369:         lda georam,x
00:C22D 85A8            	   370:         sta c64addr
00:C22F E8              	   371:         inx
00:C230 BD00DE          	   372:         lda georam,x
00:C233 85A9            	   373:         sta c64addr+1
00:C235 60              	   374:         rts
                        	   375: 
                        	   376:         ;; Read word from BASIC
00:C236 208AAD          	   377: getwrd: jsr frmnum
00:C239 4CF7B7          	   378:         jmp facwrd
                        	   379: 
                        	   380:         ;; Read string from BASIC
00:C23C A9FF            	   381: getstr: lda #$ff
00:C23E 850D            	   382:         sta valtyp
00:C240 850E            	   383:         sta intflg
00:C242 A9F9            	   384:         lda #<strlen
00:C244 A200            	   385:         ldx #>strlen
00:C246 8549            	   386:         sta forptr
00:C248 864A            	   387:         stx forptr+1
00:C24A 4CB1A9          	   388:         jmp let
                        	   389: 
                        	   390:         ;; Routine to copy string to filename buffer
00:C24D A6F9            	   391: cpyfnm: ldx strlen
00:C24F E8              	   392:         inx
00:C250 E8              	   393:         inx
00:C251 A92C            	   394:         lda #","
00:C253 9D7DC2          	   395:         sta fnmbuf,x
00:C256 E8              	   396:         inx
00:C257 A950            	   397:         lda #"P"
00:C259 9D7DC2          	   398:         sta fnmbuf,x
00:C25C E8              	   399:         inx
00:C25D A92C            	   400:         lda #","
00:C25F 9D7DC2          	   401:         sta fnmbuf,x
00:C262 E8              	   402:         inx
00:C263 A952            	   403:         lda #"R"
00:C265 9D7DC2          	   404:         sta fnmbuf,x
00:C268 A5F9            	   405:         lda strlen
00:C26A AA              	   406:         tax
00:C26B 38              	   407:         sec
00:C26C E901            	   408:         sbc #1
00:C26E A8              	   409:         tay
00:C26F E8              	   410:         inx
00:C270 300A            	   411: :       bmi :+
00:C272 B1FA            	   412:         lda (strptr),y
00:C274 9D7DC2          	   413:         sta fnmbuf,x
00:C277 CA              	   414:         dex
00:C278 88              	   415:         dey
00:C279 4C70C2          	   416:         jmp :-
00:C27C 60              	   417: :       rts
                        	   418: 
                        	   419:         ;; Filename buffer
00:C27D 303A            	   420: fnmbuf: .text "0:"
00:C27F 00              	   421:         .blk 20
00:C280 *
                        	   422: 
                        	   423:         ;; Message for write operation
00:C293 2042595445532057	   424: wrtmsg: .string " BYTES WRITTEN TO GEORAM "
00:C29B 52495454454E2054
00:C2A3 4F2047454F52414D
00:C2AB 20
00:C2AC 00
                        	   425: 
                        	   426:         ;; Message for read operation
00:C2AD 2042595445532052	   427: rdmsg:  .string " BYTES READ FROM GEORAM TO "
00:C2B5 4541442046524F4D
00:C2BD 2047454F52414D20
00:C2C5 544F20
00:C2C8 00
                        	   428: 
                        	   429:         ;; Out of memory error message
00:C2C9 4552524F523A2047	   430: oommsg: .string "ERROR: GEORAM OUT OF MEMORY"
00:C2D1 454F52414D204F55
00:C2D9 54204F46204D454D
00:C2E1 4F5259
00:C2E4 00
                        	   431: 


Symbols by name:
c64addr                          E:00A8
chkin                            E:FFC6
chrin                            E:FFCF
chrout                           E:FFD2
close                            E:FFC3
clrchn                           E:FFCC
comma                            E:AEFD
cpyfnm                           A:C24D
curblock                         E:0092
curpage                          E:00A5
datalen                          E:0096
dec_datalen                      A:C1D0
enomem                           A:C0B2
facwrd                           E:B7F7
finwrt                           A:C096
firstblock                       E:00F8
firstpage                        E:00F7
fnmbuf                           A:C27D
forptr                           E:0049
frmnum                           E:AD8A
geoblock                         E:DFFF
geopage                          E:DFFE
georam                           E:DE00
getstr                           A:C23C
getwrd                           A:C236
illqua                           E:B248
inc_datalen                      A:C1C9
incadr                           A:C0DF
init                             A:C1B0
intflg                           E:000E
iqerr                            A:C022
ldfin                            A:C18C
ldloop                           A:C14A
ldnomem                          A:C182
ldnxbl                           A:C16D
ldnxpg                           A:C15D
ldprg                            A:C110
let                              E:A9B1
linnum                           E:0014
linprt                           E:BDCD
MAX_BLOCK                        E:0020
MAX_PAGE                         E:0040
newline                          E:AAD7
offset                           E:00A7
oommsg                           A:C2C9
open                             E:FFC0
pa_adr                           E:0056
pa_buf                           E:015B
pa_len                           E:004E
pa_op                            E:004B
PA_START                         E:0080
PA_STOP                          E:00C0
print_rdmsg                      A:C200
print_wrtmsg                     A:C1DB
rdchpg                           A:C0D9
rdfin                            A:C109
rdloop                           A:C0C6
rdmsg                            A:C2AD
rdnxbk                           A:C0F4
rdnxpg                           A:C0E4
read                             A:C0C0
read_header                      A:C219
setfirst                         A:C000
setlfs                           E:FFBA
setnam                           E:FFBD
status                           E:0090
strlen                           E:00F9
strout                           E:AB1E
strptr                           E:00FA
valtyp                           E:000D
wrchln                           A:C04C
wrfin                            A:C095
write                            A:C030
wrnxbk                           A:C06D
wrnxpg                           A:C05B
wrout                            A:C03E
wrout1                           A:C041
wrstrt                           A:C082
wrtmsg                           A:C293

Symbols by value:
000D valtyp
000E intflg
0014 linnum
0020 MAX_BLOCK
0040 MAX_PAGE
0049 forptr
004B pa_op
004E pa_len
0056 pa_adr
0080 PA_START
0090 status
0092 curblock
0096 datalen
00A5 curpage
00A7 offset
00A8 c64addr
00C0 PA_STOP
00F7 firstpage
00F8 firstblock
00F9 strlen
00FA strptr
015B pa_buf
A9B1 let
AAD7 newline
AB1E strout
AD8A frmnum
AEFD comma
B248 illqua
B7F7 facwrd
BDCD linprt
C000 setfirst
C022 iqerr
C030 write
C03E wrout
C041 wrout1
C04C wrchln
C05B wrnxpg
C06D wrnxbk
C082 wrstrt
C095 wrfin
C096 finwrt
C0B2 enomem
C0C0 read
C0C6 rdloop
C0D9 rdchpg
C0DF incadr
C0E4 rdnxpg
C0F4 rdnxbk
C109 rdfin
C110 ldprg
C14A ldloop
C15D ldnxpg
C16D ldnxbl
C182 ldnomem
C18C ldfin
C1B0 init
C1C9 inc_datalen
C1D0 dec_datalen
C1DB print_wrtmsg
C200 print_rdmsg
C219 read_header
C236 getwrd
C23C getstr
C24D cpyfnm
C27D fnmbuf
C293 wrtmsg
C2AD rdmsg
C2C9 oommsg
DE00 georam
DFFE geopage
DFFF geoblock
FFBA setlfs
FFBD setnam
FFC0 open
FFC3 close
FFC6 chkin
FFCC clrchn
FFCF chrin
FFD2 chrout
